#
# A fatal error has been detected by the Java Runtime Environment:
#
#  EXCEPTION_ACCESS_VIOLATION (0xc0000005) at pc=0x0000000075774674, pid=8776, tid=13160
#
# JRE version: Java(TM) SE Runtime Environment (8.0_51-b16) (build 1.8.0_51-b16)
# Java VM: Java HotSpot(TM) 64-Bit Server VM (25.51-b03 mixed mode windows-amd64 compressed oops)
# Problematic frame:
# V  [jvm.dll+0x154674]
#
# Failed to write core dump. Minidumps are not enabled by default on client versions of Windows
#
# If you would like to submit a bug report, please visit:
#   http://bugreport.java.com/bugreport/crash.jsp
#

---------------  T H R E A D  ---------------

Current thread (0x0000000016fb1800):  JavaThread "JavaFX Application Thread" [_thread_in_vm, id=13160, stack(0x0000000018270000,0x0000000018370000)]

siginfo: ExceptionCode=0xc0000005, reading address 0x0000000000000000

Registers:
RAX=0x0000000000000000, RBX=0x0000000016fb1800, RCX=0x0000000000000180, RDX=0x0000000016f2b8d0
RSP=0x000000001836eb70, RBP=0x000000001836ec58, RSI=0x0000000000000000, RDI=0x0000000016fb19f8
R8 =0x0000000000000000, R9 =0x000000001836ec58, R10=0x0000000000000005, R11=0x000000001836ec30
R12=0x0000000000000000, R13=0x0000000000000000, R14=0x0000000016fb19f8, R15=0x0000000000000000
RIP=0x0000000075774674, EFLAGS=0x0000000000010246

Top of Stack: (sp=0x000000001836eb70)
0x000000001836eb70:   0000000000000000 0000000016fb19f8
0x000000001836eb80:   000000001836eda0 00000000757608f6
0x000000001836eb90:   00000001002e95b0 0000000003236a60
0x000000001836eba0:   0000000000000000 0000000016fb1800
0x000000001836ebb0:   0000000016fb1800 0000000000000000
0x000000001836ebc0:   0000000016fb19f8 0000000000000000
0x000000001836ebd0:   0000000051806058 000000007577c3bf
0x000000001836ebe0:   0000000016fb1800 00000000abc98f88
0x000000001836ebf0:   fffffffffffffffe 0000000051807d80
0x000000001836ec00:   0000000016f2b8d0 00000000517e1bec
0x000000001836ec10:   0000000016fb19f8 000000001836eda0
0x000000001836ec20:   0000000000000000 00000000032e8a88
0x000000001836ec30:   0000000000000000 00000000517f4cb7
0x000000001836ec40:   0000000016fb19f8 000000001836eda0
0x000000001836ec50:   0000000000000000 0000000000000006
0x000000001836ec60:   fffffffffffffffe 0000000016fb19f8 

Instructions: (pc=0x0000000075774674)
0x0000000075774654:   00 48 83 7b 08 00 48 89 5c 24 40 48 c7 44 24 48
0x0000000075774664:   00 00 00 00 74 0a 48 8d 4c 24 40 e8 3c 31 12 00
0x0000000075774674:   48 8b 06 c7 44 24 30 0c 00 00 00 48 8d 4c 24 60
0x0000000075774684:   48 8b 50 08 0f b7 42 22 48 8b 52 08 48 8b 54 c2 


Register to memory mapping:

RAX=0x0000000000000000 is an unknown value
RBX=0x0000000016fb1800 is a thread
RCX=0x0000000000000180 is an unknown value
RDX=0x0000000016f2b8d0 is an unknown value
RSP=0x000000001836eb70 is pointing into the stack for thread: 0x0000000016fb1800
RBP=0x000000001836ec58 is pointing into the stack for thread: 0x0000000016fb1800
RSI=0x0000000000000000 is an unknown value
RDI=0x0000000016fb19f8 is an unknown value
R8 =0x0000000000000000 is an unknown value
R9 =0x000000001836ec58 is pointing into the stack for thread: 0x0000000016fb1800
R10=0x0000000000000005 is an unknown value
R11=0x000000001836ec30 is pointing into the stack for thread: 0x0000000016fb1800
R12=0x0000000000000000 is an unknown value
R13=0x0000000000000000 is an unknown value
R14=0x0000000016fb19f8 is an unknown value
R15=0x0000000000000000 is an unknown value


Stack: [0x0000000018270000,0x0000000018370000],  sp=0x000000001836eb70,  free space=1018k
Native frames: (J=compiled Java code, j=interpreted, Vv=VM code, C=native code)
V  [jvm.dll+0x154674]
C  [glass.dll+0x1bec]
C  [glass.dll+0x14cb7]
C  [glass.dll+0x1e3db]
C  [glass.dll+0x1afcf]
C  [glass.dll+0x1128]
C  [USER32.dll+0x11c24]
C  [USER32.dll+0x1156c]
C  [glass.dll+0xa00d]
C  0x00000000033057f4

Java frames: (J=compiled Java code, j=interpreted, Vv=VM code)
j  com.sun.glass.ui.win.WinApplication._runLoop(Ljava/lang/Runnable;)V+0
j  com.sun.glass.ui.win.WinApplication.lambda$null$145(Ljava/lang/Runnable;)V+7
j  com.sun.glass.ui.win.WinApplication$$Lambda$40.run()V+8
j  java.lang.Thread.run()V+11
v  ~StubRoutines::call_stub

---------------  P R O C E S S  ---------------

Java Threads: ( => current thread )
  0x000000001746e800 JavaThread "AWT-Windows" daemon [_thread_in_native, id=14064, stack(0x000000001f4b0000,0x000000001f5b0000)]
  0x0000000017467800 JavaThread "Java2D Disposer" daemon [_thread_blocked, id=10324, stack(0x000000001f2b0000,0x000000001f3b0000)]
  0x000000001740b800 JavaThread "Thread-6" daemon [_thread_blocked, id=7124, stack(0x000000001ee70000,0x000000001ef70000)]
  0x000000001722b800 JavaThread "Prism Font Disposer" daemon [_thread_blocked, id=7748, stack(0x000000001e570000,0x000000001e670000)]
  0x0000000016ff6800 JavaThread "Thread-4" daemon [_thread_in_native, id=13608, stack(0x000000001c770000,0x000000001c870000)]
=>0x0000000016fb1800 JavaThread "JavaFX Application Thread" [_thread_in_vm, id=13160, stack(0x0000000018270000,0x0000000018370000)]
  0x0000000016f57800 JavaThread "Thread-3" daemon [_thread_blocked, id=2352, stack(0x0000000018170000,0x0000000018270000)]
  0x0000000016f54000 JavaThread "QuantumRenderer-0" daemon [_thread_blocked, id=7996, stack(0x0000000017b90000,0x0000000017c90000)]
  0x0000000016f06800 JavaThread "JavaFX-Launcher" [_thread_blocked, id=5260, stack(0x0000000017a90000,0x0000000017b90000)]
  0x0000000016f05000 JavaThread "Thread-0" [_thread_blocked, id=10404, stack(0x0000000017990000,0x0000000017a90000)]
  0x000000001577e000 JavaThread "Service Thread" daemon [_thread_blocked, id=7648, stack(0x0000000016850000,0x0000000016950000)]
  0x0000000015779800 JavaThread "C1 CompilerThread1" daemon [_thread_blocked, id=14016, stack(0x0000000016750000,0x0000000016850000)]
  0x000000001571d000 JavaThread "C2 CompilerThread0" daemon [_thread_blocked, id=3500, stack(0x0000000016650000,0x0000000016750000)]
  0x000000001571b800 JavaThread "Attach Listener" daemon [_thread_blocked, id=5908, stack(0x0000000016550000,0x0000000016650000)]
  0x0000000015718000 JavaThread "Signal Dispatcher" daemon [_thread_blocked, id=13872, stack(0x0000000016450000,0x0000000016550000)]
  0x00000000032e5800 JavaThread "Finalizer" daemon [_thread_blocked, id=5092, stack(0x0000000016350000,0x0000000016450000)]
  0x00000000032dc000 JavaThread "Reference Handler" daemon [_thread_blocked, id=13232, stack(0x0000000016250000,0x0000000016350000)]
  0x00000000031f3000 JavaThread "main" [_thread_blocked, id=10772, stack(0x00000000030f0000,0x00000000031f0000)]

Other Threads:
  0x00000000156e7000 VMThread [stack: 0x0000000016150000,0x0000000016250000] [id=6652]
  0x0000000015781000 WatcherThread [stack: 0x0000000016950000,0x0000000016a50000] [id=9060]

VM state:not at safepoint (normal execution)

VM Mutex/Monitor currently owned by a thread: None

Heap:
 PSYoungGen      total 18944K, used 17839K [0x00000000eae00000, 0x00000000ec300000, 0x0000000100000000)
  eden space 16384K, 93% used [0x00000000eae00000,0x00000000ebceff18,0x00000000ebe00000)
  from space 2560K, 99% used [0x00000000ec080000,0x00000000ec2fc030,0x00000000ec300000)
  to   space 2560K, 0% used [0x00000000ebe00000,0x00000000ebe00000,0x00000000ec080000)
 ParOldGen       total 44032K, used 3000K [0x00000000c0a00000, 0x00000000c3500000, 0x00000000eae00000)
  object space 44032K, 6% used [0x00000000c0a00000,0x00000000c0cee140,0x00000000c3500000)
 Metaspace       used 19942K, capacity 20672K, committed 20736K, reserved 1067008K
  class space    used 2847K, capacity 3030K, committed 3072K, reserved 1048576K

Card table byte_map: [0x00000000126b0000,0x00000000128b0000] byte_map_base: 0x00000000120ab000

Marking Bits: (ParMarkBitMap*) 0x0000000075e24040
 Begin Bits: [0x0000000012c10000, 0x0000000013be8000)
 End Bits:   [0x0000000013be8000, 0x0000000014bc0000)

Polling page: 0x0000000001690000

CodeCache: size=245760Kb used=5742Kb max_used=5742Kb free=240017Kb
 bounds [0x00000000032f0000, 0x0000000003890000, 0x00000000122f0000]
 total_blobs=2441 nmethods=1736 adapters=618
 compilation: enabled

Compilation events (10 events):
Event: 3.856 Thread 0x0000000015779800 1732       3       javafx.scene.Node::getLocalBounds (162 bytes)
Event: 3.857 Thread 0x0000000015779800 nmethod 1732 0x000000000388b4d0 code [0x000000000388b800, 0x000000000388d2b8]
Event: 3.864 Thread 0x0000000015779800 1733       1       com.sun.javafx.scene.input.PickResultChooser::isClosed (5 bytes)
Event: 3.864 Thread 0x0000000015779800 nmethod 1733 0x000000000388db90 code [0x000000000388dce0, 0x000000000388ddf0]
Event: 3.864 Thread 0x0000000015779800 1734       1       java.util.EnumMap::access$600 (5 bytes)
Event: 3.864 Thread 0x0000000015779800 nmethod 1734 0x000000000388de50 code [0x000000000388dfa0, 0x000000000388e090]
Event: 3.872 Thread 0x0000000015779800 1735       3       javafx.scene.Node::isDisable (19 bytes)
Event: 3.872 Thread 0x0000000015779800 nmethod 1735 0x000000000388e110 code [0x000000000388e2a0, 0x000000000388e788]
Event: 3.872 Thread 0x0000000015779800 1736       3       com.sun.javafx.geom.Vec3d::set (25 bytes)
Event: 3.872 Thread 0x0000000015779800 nmethod 1736 0x000000000388e910 code [0x000000000388ea60, 0x000000000388ebd0]

GC Heap History (4 events):
Event: 1.260 GC heap before
{Heap before GC invocations=1 (full 0):
 PSYoungGen      total 18944K, used 16384K [0x00000000eae00000, 0x00000000ec300000, 0x0000000100000000)
  eden space 16384K, 100% used [0x00000000eae00000,0x00000000ebe00000,0x00000000ebe00000)
  from space 2560K, 0% used [0x00000000ec080000,0x00000000ec080000,0x00000000ec300000)
  to   space 2560K, 0% used [0x00000000ebe00000,0x00000000ebe00000,0x00000000ec080000)
 ParOldGen       total 44032K, used 0K [0x00000000c0a00000, 0x00000000c3500000, 0x00000000eae00000)
  object space 44032K, 0% used [0x00000000c0a00000,0x00000000c0a00000,0x00000000c3500000)
 Metaspace       used 10288K, capacity 10682K, committed 10880K, reserved 1058816K
  class space    used 1209K, capacity 1344K, committed 1408K, reserved 1048576K
Event: 1.267 GC heap after
Heap after GC invocations=1 (full 0):
 PSYoungGen      total 18944K, used 2528K [0x00000000eae00000, 0x00000000ec300000, 0x0000000100000000)
  eden space 16384K, 0% used [0x00000000eae00000,0x00000000eae00000,0x00000000ebe00000)
  from space 2560K, 98% used [0x00000000ebe00000,0x00000000ec078040,0x00000000ec080000)
  to   space 2560K, 0% used [0x00000000ec080000,0x00000000ec080000,0x00000000ec300000)
 ParOldGen       total 44032K, used 677K [0x00000000c0a00000, 0x00000000c3500000, 0x00000000eae00000)
  object space 44032K, 1% used [0x00000000c0a00000,0x00000000c0aa9538,0x00000000c3500000)
 Metaspace       used 10288K, capacity 10682K, committed 10880K, reserved 1058816K
  class space    used 1209K, capacity 1344K, committed 1408K, reserved 1048576K
}
Event: 2.330 GC heap before
{Heap before GC invocations=2 (full 0):
 PSYoungGen      total 18944K, used 18912K [0x00000000eae00000, 0x00000000ec300000, 0x0000000100000000)
  eden space 16384K, 100% used [0x00000000eae00000,0x00000000ebe00000,0x00000000ebe00000)
  from space 2560K, 98% used [0x00000000ebe00000,0x00000000ec078040,0x00000000ec080000)
  to   space 2560K, 0% used [0x00000000ec080000,0x00000000ec080000,0x00000000ec300000)
 ParOldGen       total 44032K, used 677K [0x00000000c0a00000, 0x00000000c3500000, 0x00000000eae00000)
  object space 44032K, 1% used [0x00000000c0a00000,0x00000000c0aa9538,0x00000000c3500000)
 Metaspace       used 17266K, capacity 17816K, committed 18176K, reserved 1064960K
  class space    used 2349K, capacity 2496K, committed 2560K, reserved 1048576K
Event: 2.340 GC heap after
Heap after GC invocations=2 (full 0):
 PSYoungGen      total 18944K, used 2544K [0x00000000eae00000, 0x00000000ec300000, 0x0000000100000000)
  eden space 16384K, 0% used [0x00000000eae00000,0x00000000eae00000,0x00000000ebe00000)
  from space 2560K, 99% used [0x00000000ec080000,0x00000000ec2fc030,0x00000000ec300000)
  to   space 2560K, 0% used [0x00000000ebe00000,0x00000000ebe00000,0x00000000ec080000)
 ParOldGen       total 44032K, used 3000K [0x00000000c0a00000, 0x00000000c3500000, 0x00000000eae00000)
  object space 44032K, 6% used [0x00000000c0a00000,0x00000000c0cee140,0x00000000c3500000)
 Metaspace       used 17266K, capacity 17816K, committed 18176K, reserved 1064960K
  class space    used 2349K, capacity 2496K, committed 2560K, reserved 1048576K
}

Deoptimization events (10 events):
Event: 1.871 Thread 0x0000000016fb1800 Uncommon trap: reason=class_check action=maybe_recompile pc=0x000000000348afa8 method=java.lang.String.equals(Ljava/lang/Object;)Z @ 8
Event: 1.874 Thread 0x0000000016fb1800 Uncommon trap: reason=class_check action=maybe_recompile pc=0x000000000348afa8 method=java.lang.String.equals(Ljava/lang/Object;)Z @ 8
Event: 2.063 Thread 0x0000000016fb1800 Uncommon trap: reason=unstable_if action=reinterpret pc=0x000000000366815c method=java.lang.String.regionMatches(ZILjava/lang/String;II)Z @ 123
Event: 2.176 Thread 0x0000000016fb1800 Uncommon trap: reason=unstable_if action=reinterpret pc=0x0000000003447278 method=java.lang.String.indexOf([CII[CIII)I @ 3
Event: 2.748 Thread 0x0000000016fb1800 Uncommon trap: reason=array_check action=maybe_recompile pc=0x00000000037b4bc4 method=com.sun.javafx.css.SimpleSelector.applies(Ljavafx/css/Styleable;[Ljava/util/Set;I)Z @ 37
Event: 2.748 Thread 0x0000000016fb1800 Uncommon trap: reason=array_check action=maybe_recompile pc=0x00000000037b4bc4 method=com.sun.javafx.css.SimpleSelector.applies(Ljavafx/css/Styleable;[Ljava/util/Set;I)Z @ 37
Event: 2.749 Thread 0x0000000016fb1800 Uncommon trap: reason=array_check action=maybe_recompile pc=0x00000000037b4bc4 method=com.sun.javafx.css.SimpleSelector.applies(Ljavafx/css/Styleable;[Ljava/util/Set;I)Z @ 37
Event: 2.749 Thread 0x0000000016fb1800 Uncommon trap: reason=array_check action=maybe_recompile pc=0x00000000037b4bc4 method=com.sun.javafx.css.SimpleSelector.applies(Ljavafx/css/Styleable;[Ljava/util/Set;I)Z @ 37
Event: 2.814 Thread 0x0000000016fb1800 Uncommon trap: reason=array_check action=maybe_recompile pc=0x00000000037d9b00 method=com.sun.javafx.css.SimpleSelector.applies(Ljavafx/css/Styleable;[Ljava/util/Set;I)Z @ 37
Event: 2.915 Thread 0x0000000016fb1800 Uncommon trap: reason=unstable_if action=reinterpret pc=0x00000000037f79e0 method=javafx.scene.CssStyleHelper.getStyle(Ljavafx/css/Styleable;Ljava/lang/String;Lcom/sun/javafx/css/StyleMap;Ljava/util/Set;)Lcom/sun/javafx/css/CascadingStyle; @ 8

Internal exceptions (10 events):
Event: 1.618 Thread 0x0000000016fb1800 Exception <a 'java/lang/ArrayIndexOutOfBoundsException'> (0x00000000eb35a690) thrown at [C:\re\workspace\8-2-build-windows-amd64-cygwin\jdk8u51\3951\hotspot\src\share\vm\runtime\sharedRuntime.cpp, line 605]
Event: 1.618 Thread 0x0000000016fb1800 Exception <a 'java/lang/ArrayIndexOutOfBoundsException'> (0x00000000eb35b988) thrown at [C:\re\workspace\8-2-build-windows-amd64-cygwin\jdk8u51\3951\hotspot\src\share\vm\runtime\sharedRuntime.cpp, line 605]
Event: 1.619 Thread 0x0000000016fb1800 Exception <a 'java/lang/ArrayIndexOutOfBoundsException'> (0x00000000eb35dbe8) thrown at [C:\re\workspace\8-2-build-windows-amd64-cygwin\jdk8u51\3951\hotspot\src\share\vm\runtime\sharedRuntime.cpp, line 605]
Event: 2.208 Thread 0x000000001740b800 Exception <a 'java/io/FileNotFoundException'> (0x00000000ebd35090) thrown at [C:\re\workspace\8-2-build-windows-amd64-cygwin\jdk8u51\3951\hotspot\src\share\vm\prims\jni.cpp, line 709]
Event: 2.235 Thread 0x0000000016fb1800 Exception <a 'java/io/FileNotFoundException'> (0x00000000ebd83d88) thrown at [C:\re\workspace\8-2-build-windows-amd64-cygwin\jdk8u51\3951\hotspot\src\share\vm\prims\jni.cpp, line 709]
Event: 2.469 Thread 0x0000000016fb1800 Exception <a 'java/lang/ArrayIndexOutOfBoundsException'> (0x00000000eb0633c0) thrown at [C:\re\workspace\8-2-build-windows-amd64-cygwin\jdk8u51\3951\hotspot\src\share\vm\runtime\sharedRuntime.cpp, line 605]
Event: 2.515 Thread 0x0000000016fb1800 Exception <a 'java/lang/ArrayIndexOutOfBoundsException'> (0x00000000eb23ae78) thrown at [C:\re\workspace\8-2-build-windows-amd64-cygwin\jdk8u51\3951\hotspot\src\share\vm\runtime\sharedRuntime.cpp, line 605]
Event: 2.527 Thread 0x0000000016fb1800 Exception <a 'java/lang/ArrayIndexOutOfBoundsException'> (0x00000000eb2d4680) thrown at [C:\re\workspace\8-2-build-windows-amd64-cygwin\jdk8u51\3951\hotspot\src\share\vm\runtime\sharedRuntime.cpp, line 605]
Event: 3.873 Thread 0x000000001740b800 JVM_StopThread thread JavaThread 0x0000000016fb1800 as oop 0x00000000ec0bba80 [exception 0x000000001ef6eef0]
Event: 3.874 Thread 0x0000000016fb1800 Exception <a 'java/lang/NoSuchMethodError': getInstance> (0x00000000eb8d7cd8) thrown at [C:\re\workspace\8-2-build-windows-amd64-cygwin\jdk8u51\3951\hotspot\src\share\vm\prims\jni.cpp, line 1566]

Events (10 events):
Event: 3.874 loading class com/sun/glass/ui/win/WinSystemClipboard
Event: 3.874 loading class com/sun/glass/ui/win/WinSystemClipboard done
Event: 3.874 loading class com/sun/glass/ui/SystemClipboard
Event: 3.874 loading class com/sun/glass/ui/SystemClipboard done
Event: 3.874 loading class com/sun/glass/ui/Clipboard
Event: 3.874 loading class com/sun/glass/ui/Clipboard done
Event: 3.875 loading class java/io/UnsupportedEncodingException
Event: 3.875 loading class java/io/UnsupportedEncodingException done
Event: 3.875 loading class com/sun/glass/ui/win/WinClipboardDelegate
Event: 3.875 loading class com/sun/glass/ui/win/WinClipboardDelegate done


Dynamic libraries:
0x00007ff7ae030000 - 0x00007ff7ae067000 	C:\Program Files\Java\jdk1.8.0_51\bin\java.exe
0x00007ffa35fb0000 - 0x00007ffa36181000 	C:\WINDOWS\SYSTEM32\ntdll.dll
0x00007ffa34740000 - 0x00007ffa347eb000 	C:\WINDOWS\System32\KERNEL32.DLL
0x00007ffa33300000 - 0x00007ffa3351d000 	C:\WINDOWS\System32\KERNELBASE.dll
0x00007ffa33aa0000 - 0x00007ffa33b42000 	C:\WINDOWS\System32\ADVAPI32.dll
0x00007ffa347f0000 - 0x00007ffa3488e000 	C:\WINDOWS\System32\msvcrt.dll
0x00007ffa33b50000 - 0x00007ffa33ba9000 	C:\WINDOWS\System32\sechost.dll
0x00007ffa33970000 - 0x00007ffa33a91000 	C:\WINDOWS\System32\RPCRT4.dll
0x00007ffa33700000 - 0x00007ffa33865000 	C:\WINDOWS\System32\USER32.dll
0x00007ffa33190000 - 0x00007ffa331ae000 	C:\WINDOWS\System32\win32u.dll
0x00007ffa33610000 - 0x00007ffa33644000 	C:\WINDOWS\System32\GDI32.dll
0x00007ffa32d80000 - 0x00007ffa32f02000 	C:\WINDOWS\System32\gdi32full.dll
0x00007ffa27820000 - 0x00007ffa27a9a000 	C:\WINDOWS\WinSxS\amd64_microsoft.windows.common-controls_6595b64144ccf1df_6.0.14393.953_none_42151e83c686086b\COMCTL32.dll
0x00007ffa342c0000 - 0x00007ffa34588000 	C:\WINDOWS\System32\combase.dll
0x00007ffa33030000 - 0x00007ffa33125000 	C:\WINDOWS\System32\ucrtbase.dll
0x00007ffa32fc0000 - 0x00007ffa3302a000 	C:\WINDOWS\System32\bcryptPrimitives.dll
0x00007ffa33650000 - 0x00007ffa3367e000 	C:\WINDOWS\System32\IMM32.DLL
0x00007ffa32140000 - 0x00007ffa32322000 	C:\PROGRA~1\NVIDIA~1\NVSTRE~1\rxinput.dll
0x00007ffa34890000 - 0x00007ffa349c7000 	C:\WINDOWS\System32\ole32.dll
0x00007ffa34aa0000 - 0x00007ffa35fa8000 	C:\WINDOWS\System32\SHELL32.dll
0x00007ffa32d30000 - 0x00007ffa32d72000 	C:\WINDOWS\System32\cfgmgr32.dll
0x00007ffa32480000 - 0x00007ffa32b5a000 	C:\WINDOWS\System32\windows.storage.dll
0x00007ffa32410000 - 0x00007ffa3245c000 	C:\WINDOWS\System32\powrprof.dll
0x00007ffa33d30000 - 0x00007ffa33d82000 	C:\WINDOWS\System32\shlwapi.dll
0x00007ffa32470000 - 0x00007ffa3247f000 	C:\WINDOWS\System32\kernel.appcore.dll
0x00007ffa33250000 - 0x00007ffa332f9000 	C:\WINDOWS\System32\shcore.dll
0x00007ffa323f0000 - 0x00007ffa32404000 	C:\WINDOWS\System32\profapi.dll
0x00007ffa33530000 - 0x00007ffa335ef000 	C:\WINDOWS\System32\OLEAUT32.dll
0x00007ffa331b0000 - 0x00007ffa3324c000 	C:\WINDOWS\System32\msvcp_win.dll
0x00007ffa33e90000 - 0x00007ffa342b9000 	C:\WINDOWS\System32\SETUPAPI.dll
0x00007ffa32110000 - 0x00007ffa32133000 	C:\WINDOWS\SYSTEM32\WINMM.dll
0x00007ffa320e0000 - 0x00007ffa3210b000 	C:\WINDOWS\SYSTEM32\WINMMBASE.dll
0x0000000051830000 - 0x0000000051902000 	C:\Program Files\Java\jdk1.8.0_51\jre\bin\msvcr100.dll
0x0000000075620000 - 0x0000000075ea3000 	C:\Program Files\Java\jdk1.8.0_51\jre\bin\server\jvm.dll
0x00007ffa336f0000 - 0x00007ffa336f8000 	C:\WINDOWS\System32\PSAPI.DLL
0x00007ffa255a0000 - 0x00007ffa255a9000 	C:\WINDOWS\SYSTEM32\WSOCK32.dll
0x00007ffa34a30000 - 0x00007ffa34a9a000 	C:\WINDOWS\System32\WS2_32.dll
0x00007ffa2c920000 - 0x00007ffa2c92a000 	C:\WINDOWS\SYSTEM32\VERSION.dll
0x00000000525c0000 - 0x00000000525cf000 	C:\Program Files\Java\jdk1.8.0_51\jre\bin\verify.dll
0x0000000052440000 - 0x0000000052469000 	C:\Program Files\Java\jdk1.8.0_51\jre\bin\java.dll
0x0000000052420000 - 0x0000000052436000 	C:\Program Files\Java\jdk1.8.0_51\jre\bin\zip.dll
0x0000000052400000 - 0x000000005241a000 	C:\Program Files\Java\jdk1.8.0_51\jre\bin\net.dll
0x00007ffa31a70000 - 0x00007ffa31acc000 	C:\WINDOWS\system32\mswsock.dll
0x00007ffa1f320000 - 0x00007ffa1f336000 	C:\WINDOWS\system32\napinsp.dll
0x00007ffa1f340000 - 0x00007ffa1f35a000 	C:\WINDOWS\system32\pnrpnsp.dll
0x00007ffa2faf0000 - 0x00007ffa2fb08000 	C:\WINDOWS\system32\NLAapi.dll
0x00007ffa31830000 - 0x00007ffa318d1000 	C:\WINDOWS\SYSTEM32\DNSAPI.dll
0x00007ffa33520000 - 0x00007ffa33528000 	C:\WINDOWS\System32\NSI.dll
0x00007ffa317f0000 - 0x00007ffa31828000 	C:\WINDOWS\SYSTEM32\IPHLPAPI.DLL
0x00007ffa1f360000 - 0x00007ffa1f36e000 	C:\WINDOWS\System32\winrnr.dll
0x00007ffa276b0000 - 0x00007ffa276ba000 	C:\Windows\System32\rasadhlp.dll
0x00007ffa292d0000 - 0x00007ffa2933a000 	C:\WINDOWS\System32\fwpuclnt.dll
0x00007ffa32330000 - 0x00007ffa3235b000 	C:\WINDOWS\SYSTEM32\bcrypt.dll
0x00000000523d0000 - 0x00000000523fc000 	C:\Program Files\Java\jdk1.8.0_51\jre\bin\prism_d3d.dll
0x00007ffa28360000 - 0x00007ffa284ed000 	C:\WINDOWS\system32\d3d9.dll
0x00007ffa306b0000 - 0x00007ffa306d6000 	C:\WINDOWS\SYSTEM32\dwmapi.dll
0x00007ffa308e0000 - 0x00007ffa30975000 	C:\WINDOWS\system32\uxtheme.dll
0x00007ffa06b80000 - 0x00007ffa07c3c000 	C:\WINDOWS\System32\DriverStore\FileRepository\nv_dispiwu.inf_amd64_b67dc924fff8de6d\nvd3dumx.dll
0x0000000180000000 - 0x00000001801a7000 	C:\WINDOWS\system32\nvspcap64.dll
0x00007ffa2eff0000 - 0x00007ffa2f0bd000 	C:\WINDOWS\SYSTEM32\WINHTTP.dll
0x00007ffa2c0e0000 - 0x00007ffa2c4db000 	C:\WINDOWS\system32\nvapi64.dll
0x00007ffa31120000 - 0x00007ffa311bf000 	C:\WINDOWS\SYSTEM32\dxgi.dll
0x00007ffa31e10000 - 0x00007ffa31e3c000 	C:\WINDOWS\SYSTEM32\SspiCli.dll
0x00000000517e0000 - 0x0000000051821000 	C:\Program Files\Java\jdk1.8.0_51\jre\bin\glass.dll
0x00007ffa33870000 - 0x00007ffa3396a000 	C:\WINDOWS\System32\COMDLG32.dll
0x00007ffa33bd0000 - 0x00007ffa33d2a000 	C:\WINDOWS\System32\MSCTF.dll
0x00007ffa2c830000 - 0x00007ffa2c916000 	C:\Program Files (x86)\NVIDIA Corporation\3D Vision\nvSCPAPI64.dll
0x0000000052390000 - 0x00000000523a5000 	C:\Program Files\Java\jdk1.8.0_51\jre\bin\javafx_font.dll
0x00007ffa2d120000 - 0x00007ffa2d389000 	C:\WINDOWS\SYSTEM32\dwrite.dll
0x00007ffa33d90000 - 0x00007ffa33e2f000 	C:\WINDOWS\System32\clbcatq.dll
0x00007ffa2f5f0000 - 0x00007ffa2f798000 	C:\WINDOWS\SYSTEM32\WindowsCodecs.dll
0x00007ffa2b170000 - 0x00007ffa2b1b9000 	C:\WINDOWS\system32\dataexchange.dll
0x00007ffa2ddc0000 - 0x00007ffa2e076000 	C:\WINDOWS\system32\d3d11.dll
0x00007ffa2fe70000 - 0x00007ffa2ffc1000 	C:\WINDOWS\system32\dcomp.dll
0x00007ffa30b40000 - 0x00007ffa30c5c000 	C:\WINDOWS\system32\twinapi.appcore.dll
0x00007ffa2b5e0000 - 0x00007ffa2b612000 	C:\Program Files\Common Files\Microsoft Shared\Ink\rtscom.dll
0x0000000051640000 - 0x00000000517d8000 	C:\Program Files\Java\jdk1.8.0_51\jre\bin\awt.dll
0x00007ffa30740000 - 0x00007ffa307ba000 	C:\WINDOWS\SYSTEM32\apphelp.dll
0x0000000052370000 - 0x0000000052381000 	C:\Program Files\Java\jdk1.8.0_51\jre\bin\prism_common.dll
0x00007ffa2bb80000 - 0x00007ffa2c0df000 	C:\WINDOWS\SYSTEM32\d2d1.dll
0x00007ffa32b60000 - 0x00007ffa32d29000 	C:\WINDOWS\System32\CRYPT32.dll
0x00007ffa32460000 - 0x00007ffa32470000 	C:\WINDOWS\System32\MSASN1.dll
0x00007ffa298e0000 - 0x00007ffa29b6d000 	C:\WINDOWS\SYSTEM32\D3D10Warp.dll
0x00007ffa22fe0000 - 0x00007ffa23172000 	C:\WINDOWS\SYSTEM32\dbghelp.dll

VM Arguments:
jvm_args: -ea 
java_command: org.apache.tools.ant.taskdefs.optional.junit.JUnitTestRunner org.itstep.mariupol.adce440datafilesgraph.UITest skipNonTests=false filtertrace=true haltOnError=false haltOnFailure=false showoutput=true outputtoformatters=true logfailedtests=true threadid=0 logtestlistenerevents=true formatter=org.apache.tools.ant.taskdefs.optional.junit.BriefJUnitResultFormatter formatter=org.apache.tools.ant.taskdefs.optional.junit.XMLJUnitResultFormatter,D:\NBProjects\Experiments\JavaFX\AdcE440DataFilesGraph_3\build\test\results\TEST-org.itstep.mariupol.adce440datafilesgraph.UITest.xml crashfile=D:\NBProjects\Experiments\JavaFX\AdcE440DataFilesGraph_3\build\junitvmwatcher3202536470107580422.properties propsfile=D:\NBProjects\Experiments\JavaFX\AdcE440DataFilesGraph_3\build\junit4242612744874486638.properties
java_class_path (initial): C:\Program Files\Java\jdk1.8.0_51\jre\lib\javaws.jar;C:\Program Files\Java\jdk1.8.0_51\jre\lib\deploy.jar;C:\Program Files\Java\jdk1.8.0_51\jre\lib\plugin.jar;D:\NBProjects\Experiments\JavaFX\AdcE440DataFilesGraph_3\lib\guava-19.0.jar;D:\NBProjects\Experiments\JavaFX\AdcE440DataFilesGraph_3\lib\hamcrest-all-1.3.jar;D:\NBProjects\Experiments\JavaFX\AdcE440DataFilesGraph_3\lib\junit-4.12.jar;D:\NBProjects\Experiments\JavaFX\AdcE440DataFilesGraph_3\lib\testFx-3.1.2.jar;D:\NBProjects\Experiments\JavaFX\AdcE440DataFilesGraph_3\build\classes;D:\NBProjects\Experiments\JavaFX\AdcE440DataFilesGraph_3\build\test\classes;D:\NBProjects\Experiments\JavaFX\AdcE440DataFilesGraph_3;D:\Program Files\Apache Software Foundation\Tomcat 8.0\lib\servlet-api.jar;D:\Program Files (x86)\Borland\InterBase\InterClient\interclient.jar;D:\Program Files\NetBeans 8.1\extide\ant\lib\ant-launcher.jar;D:\Program Files\NetBeans 8.1\extide\ant\lib\ant.jar;D:\Program Files\NetBeans 8.1\extide\ant\lib\ant-junit.jar;D:\Program Files\NetBeans 8.1\extide\ant\lib\ant-junit4.jar
Launcher Type: SUN_STANDARD

Environment Variables:
JAVA_HOME=D:\Program Files\Java\jdk1.8.0_91
CLASSPATH=.;D:\Program Files\Apache Software Foundation\Tomcat 8.0\lib\servlet-api.jar;D:\Program Files (x86)\Borland\InterBase\InterClient\interclient.jar
PATH=D:\oraclexe\app\oracle\product\11.2.0\client32;D:\oraclexe\app\oracle\product\11.2.0\server\bin;;C:\Program Files\Microsoft MPI\Bin\;D:\app\Yurii\product\11.2.0\client_1\bin;D:\app\ёрий\product\11.2.0\dbhome_1\bin;D:\PROGRA~1\Borland\CBUILD~1\Bin;D:\PROGRA~1\Borland\CBUILD~1\Projects\Bpl;C:\ProgramData\Oracle\Java\javapath;D:\Inprise\vbroker\bin;D:\Python34\;D:\Python34\Scripts;D:\php;D:\php\ext;D:\Ruby21-x64\bin;C:\WINDOWS\system32;C:\WINDOWS;C:\WINDOWS\System32\Wbem;C:\WINDOWS\System32\WindowsPowerShell\v1.0\;C:\Program Files (x86)\Common Files\Ulead Systems\MPEG;D:\Program Files\MySQL\MySQL Server 5.5\bin;C:\Program Files\Microsoft SQL Server\120\Tools\Binn\;C:\Program Files (x86)\NVIDIA Corporation\PhysX\Common;C:\WINDOWS\system32;C:\WINDOWS;C:\WINDOWS\System32\Wbem;C:\WINDOWS\System32\WindowsPowerShell\v1.0\;C:\Program Files\Microsoft SQL Server\Client SDK\ODBC\110\Tools\Binn\;C:\Program Files (x86)\Microsoft SQL Server\120\Tools\Binn\;C:\Program Files\Microsoft SQL Server\120\DTS\Binn\;C:\Program Files (x86)\Microsoft SQL Server\120\Tools\Binn\ManagementStudio\;C:\Program Files (x86)\Microsoft SQL Server\120\DTS\Binn\;C:\Program Files\Microsoft\Web Platform Installer\;C:\Program Files (x86)\Microsoft ASP.NET\ASP.NET Web Pages\v1.0\;D:\Program Files (x86)\Liquid Technologies\Liquid XML 2015\XmlDataBinder13\Redist13\cpp\win32\bin;C:\Program Files (x86)\GtkSharp\2.12\bin;D:\Program Files\nodejs\;D:\Git\cmd;D:\Program Files (x86)\Rational\common;C:\Program Files\Microsoft DNX\Dnvm\;C:\Program Files (x86)\Skype\Phone\;C:\Program Files (x86)\Microsoft SQL Server\130\DTS\Binn\;C:\Program Files\Microsoft SQL Server\130\DTS\Binn\;C:\Program Files\Microsoft SQL Server\Client SDK\ODBC\130\Tools\Binn\;C:\Program Files (x86)\Windows Kits\10\Windows Performance Toolkit\;C:\Program Files\dotnet\;C:\Program Files\Microsoft SQL Server\110\Tools\Binn\;C:\Users\ёрий\AppData\Roaming\npm;%USERPROFILE%\AppData\Local\Microsoft\WindowsApps;
USERNAME=ёрий
OS=Windows_NT
PROCESSOR_IDENTIFIER=AMD64 Family 21 Model 16 Stepping 1, AuthenticAMD



---------------  S Y S T E M  ---------------

OS: Windows 10.0 , 64 bit Build 14393 (10.0.14393.0)

CPU:total 2 (2 cores per cpu, 1 threads per core) family 21 model 16 stepping 1, cmov, cx8, fxsr, mmx, sse, sse2, sse3, ssse3, sse4.1, sse4.2, popcnt, avx, aes, clmul, mmxext, 3dnowpref, lzcnt, sse4a, tsc, tscinvbit, tscinv, bmi1

Memory: 4k page, physical 4147188k(716892k free), swap 8341492k(1760536k free)

vm_info: Java HotSpot(TM) 64-Bit Server VM (25.51-b03) for windows-amd64 JRE (1.8.0_51-b16), built on Jun  8 2015 18:03:07 by "java_re" with MS VC++ 10.0 (VS2010)

time: Wed Apr 19 14:43:38 2017
elapsed time: 4 seconds (0d 0h 0m 4s)

