#
# A fatal error has been detected by the Java Runtime Environment:
#
#  EXCEPTION_ACCESS_VIOLATION (0xc0000005) at pc=0x0000000068336494, pid=3056, tid=0x0000000000001244
#
# JRE version: Java(TM) SE Runtime Environment (8.0_102-b14) (build 1.8.0_102-b14)
# Java VM: Java HotSpot(TM) 64-Bit Server VM (25.102-b14 mixed mode windows-amd64 compressed oops)
# Problematic frame:
# V  [jvm.dll+0x156494]
#
# Failed to write core dump. Minidumps are not enabled by default on client versions of Windows
#
# If you would like to submit a bug report, please visit:
#   http://bugreport.java.com/bugreport/crash.jsp
#

---------------  T H R E A D  ---------------

Current thread (0x0000000056954000):  JavaThread "JavaFX Application Thread" [_thread_in_vm, id=4676, stack(0x0000000057c80000,0x0000000057d80000)]

siginfo: ExceptionCode=0xc0000005, reading address 0x0000000000000000

Registers:
RAX=0x0000000000000000, RBX=0x0000000056954000, RCX=0x0000000000000400, RDX=0x00000000569404a0
RSP=0x0000000057d7e880, RBP=0x0000000057d7e968, RSI=0x0000000000000000, RDI=0x00000000569541f8
R8 =0x0000000000000000, R9 =0x0000000057d7e968, R10=0x0000000000000005, R11=0x0000000057d7e940
R12=0x00000000569541f8, R13=0x0000000000000000, R14=0x0000000000000000, R15=0x0000000000000000
RIP=0x0000000068336494, EFLAGS=0x0000000000010246

Top of Stack: (sp=0x0000000057d7e880)
0x0000000057d7e880:   0000000000000000 00000000569541f8
0x0000000057d7e890:   0000000057d7eab0 0000000068322676
0x0000000057d7e8a0:   000000001431e000 00000000022338b0
0x0000000057d7e8b0:   00000000569541f8 0000000056954000
0x0000000057d7e8c0:   0000000056954000 0000000000000000
0x0000000057d7e8d0:   00000000569541f8 00000000569541f8
0x0000000057d7e8e0:   00000000673792b8 000000006833e1df
0x0000000057d7e8f0:   0000000056954000 00000000abc98f88
0x0000000057d7e900:   fffffffffffffffe 0000000067379868
0x0000000057d7e910:   0000000000000000 00000000673526bc
0x0000000057d7e920:   00000000569541f8 0000000057d7eab0
0x0000000057d7e930:   00000000569404a0 0000000054941438
0x0000000057d7e940:   0000000000000000 0000000067364dab
0x0000000057d7e950:   00000000569541f8 0000000057d7eab0
0x0000000057d7e960:   0000000000000000 0000000000000006
0x0000000057d7e970:   fffffffffffffffe 00000000569541f8 

Instructions: (pc=0x0000000068336494)
0x0000000068336474:   00 48 83 7b 08 00 48 89 5c 24 40 48 c7 44 24 48
0x0000000068336484:   00 00 00 00 74 0a 48 8d 4c 24 40 e8 4c 4e 12 00
0x0000000068336494:   48 8b 06 c7 44 24 30 0c 00 00 00 48 8d 4c 24 60
0x00000000683364a4:   48 8b 50 08 0f b7 42 24 48 8b 52 08 48 8b 54 c2 


Register to memory mapping:

RAX=0x0000000000000000 is an unknown value
RBX=0x0000000056954000 is a thread
RCX=0x0000000000000400 is an unknown value
RDX=0x00000000569404a0 is an unknown value
RSP=0x0000000057d7e880 is pointing into the stack for thread: 0x0000000056954000
RBP=0x0000000057d7e968 is pointing into the stack for thread: 0x0000000056954000
RSI=0x0000000000000000 is an unknown value
RDI=0x00000000569541f8 is an unknown value
R8 =0x0000000000000000 is an unknown value
R9 =0x0000000057d7e968 is pointing into the stack for thread: 0x0000000056954000
R10=0x0000000000000005 is an unknown value
R11=0x0000000057d7e940 is pointing into the stack for thread: 0x0000000056954000
R12=0x00000000569541f8 is an unknown value
R13=0x0000000000000000 is an unknown value
R14=0x0000000000000000 is an unknown value
R15=0x0000000000000000 is an unknown value


Stack: [0x0000000057c80000,0x0000000057d80000],  sp=0x0000000057d7e880,  free space=1018k
Native frames: (J=compiled Java code, j=interpreted, Vv=VM code, C=native code)
V  [jvm.dll+0x156494]
C  [glass.dll+0x26bc]
C  [glass.dll+0x14dab]
C  [glass.dll+0x1ffb9]
C  [glass.dll+0x1bcaf]
C  [glass.dll+0x17e8]
C  [USER32.dll+0x19bd1]
C  [USER32.dll+0x198da]
C  [glass.dll+0xa55d]
C  0x00000000028d5c54

Java frames: (J=compiled Java code, j=interpreted, Vv=VM code)
j  com.sun.glass.ui.win.WinApplication._runLoop(Ljava/lang/Runnable;)V+0
j  com.sun.glass.ui.win.WinApplication.lambda$null$148(ILjava/lang/Runnable;)V+8
j  com.sun.glass.ui.win.WinApplication$$Lambda$41.run()V+12
j  java.lang.Thread.run()V+11
v  ~StubRoutines::call_stub

---------------  P R O C E S S  ---------------

Java Threads: ( => current thread )
  0x0000000056cf4000 JavaThread "AWT-Windows" daemon [_thread_in_native, id=3432, stack(0x000000005d5a0000,0x000000005d6a0000)]
  0x0000000056cf0000 JavaThread "Java2D Disposer" daemon [_thread_blocked, id=1968, stack(0x000000005d410000,0x000000005d510000)]
  0x0000000056cbc000 JavaThread "Thread-6" daemon [_thread_blocked, id=4336, stack(0x000000005d220000,0x000000005d320000)]
  0x0000000056c96800 JavaThread "Prism Font Disposer" daemon [_thread_blocked, id=4384, stack(0x000000005cfb0000,0x000000005d0b0000)]
  0x00000000569bd800 JavaThread "Thread-4" daemon [_thread_in_native, id=4392, stack(0x000000005a3c0000,0x000000005a4c0000)]
=>0x0000000056954000 JavaThread "JavaFX Application Thread" [_thread_in_vm, id=4676, stack(0x0000000057c80000,0x0000000057d80000)]
  0x0000000056951800 JavaThread "Thread-3" daemon [_thread_blocked, id=4668, stack(0x0000000057b80000,0x0000000057c80000)]
  0x000000005692e800 JavaThread "QuantumRenderer-0" daemon [_thread_blocked, id=4664, stack(0x00000000574b0000,0x00000000575b0000)]
  0x00000000568f8800 JavaThread "JavaFX-Launcher" [_thread_blocked, id=4616, stack(0x0000000057290000,0x0000000057390000)]
  0x00000000568e8800 JavaThread "Thread-0" [_thread_blocked, id=4448, stack(0x0000000057130000,0x0000000057230000)]
  0x00000000549bb800 JavaThread "Service Thread" daemon [_thread_blocked, id=4568, stack(0x0000000055db0000,0x0000000055eb0000)]
  0x00000000549ae800 JavaThread "C1 CompilerThread1" daemon [_thread_blocked, id=4536, stack(0x0000000055c00000,0x0000000055d00000)]
  0x00000000549aa000 JavaThread "C2 CompilerThread0" daemon [_thread_blocked, id=4172, stack(0x0000000055950000,0x0000000055a50000)]
  0x00000000549a8800 JavaThread "Attach Listener" daemon [_thread_blocked, id=3232, stack(0x0000000055aa0000,0x0000000055ba0000)]
  0x00000000549a5000 JavaThread "Signal Dispatcher" daemon [_thread_blocked, id=2804, stack(0x0000000055490000,0x0000000055590000)]
  0x0000000054989800 JavaThread "Finalizer" daemon [_thread_blocked, id=4228, stack(0x0000000055840000,0x0000000055940000)]
  0x0000000054946000 JavaThread "Reference Handler" daemon [_thread_blocked, id=4600, stack(0x00000000555f0000,0x00000000556f0000)]
  0x00000000021f0000 JavaThread "main" [_thread_blocked, id=1584, stack(0x00000000024f0000,0x00000000025f0000)]

Other Threads:
  0x000000005493d800 VMThread [stack: 0x0000000055360000,0x0000000055460000] [id=4268]
  0x0000000055ec5000 WatcherThread [stack: 0x0000000056410000,0x0000000056510000] [id=4588]

VM state:not at safepoint (normal execution)

VM Mutex/Monitor currently owned by a thread: None

Heap:
 PSYoungGen      total 31744K, used 4996K [0x00000000ed580000, 0x00000000ef680000, 0x0000000100000000)
  eden space 29696K, 16% used [0x00000000ed580000,0x00000000eda61128,0x00000000ef280000)
  from space 2048K, 0% used [0x00000000ef480000,0x00000000ef480000,0x00000000ef680000)
  to   space 2048K, 0% used [0x00000000ef280000,0x00000000ef280000,0x00000000ef480000)
 ParOldGen       total 28672K, used 7271K [0x00000000c8000000, 0x00000000c9c00000, 0x00000000ed580000)
  object space 28672K, 25% used [0x00000000c8000000,0x00000000c8719f88,0x00000000c9c00000)
 Metaspace       used 20577K, capacity 21430K, committed 21552K, reserved 1067008K
  class space    used 2944K, capacity 3157K, committed 3200K, reserved 1048576K

Card table byte_map: [0x0000000011c80000,0x0000000011e50000] byte_map_base: 0x0000000011640000

Marking Bits: (ParMarkBitMap*) 0x00000000689fa6c0
 Begin Bits: [0x0000000012250000, 0x0000000013050000)
 End Bits:   [0x0000000013050000, 0x0000000013e50000)

Polling page: 0x0000000000230000

CodeCache: size=245760Kb used=5722Kb max_used=5722Kb free=240037Kb
 bounds [0x00000000028c0000, 0x0000000002e60000, 0x00000000118c0000]
 total_blobs=2511 nmethods=1806 adapters=618
 compilation: enabled

Compilation events (10 events):
Event: 3.772 Thread 0x00000000549ae800 1803       1       javafx.event.Event::isConsumed (5 bytes)
Event: 3.773 Thread 0x00000000549ae800 nmethod 1803 0x0000000002e58290 code [0x0000000002e583e0, 0x0000000002e584f0]
Event: 3.780 Thread 0x00000000549ae800 1804       1       com.sun.javafx.geom.PickRay::getDirectionNoClone (5 bytes)
Event: 3.780 Thread 0x00000000549ae800 nmethod 1804 0x0000000002e58550 code [0x0000000002e586a0, 0x0000000002e587b0]
Event: 3.780 Thread 0x00000000549ae800 1805       1       com.sun.javafx.geom.PickRay::getOriginNoClone (5 bytes)
Event: 3.780 Thread 0x00000000549ae800 nmethod 1805 0x0000000002e58810 code [0x0000000002e58960, 0x0000000002e58a70]
Event: 3.780 Thread 0x00000000549ae800 1807       1       javafx.event.EventType::getSuperType (5 bytes)
Event: 3.780 Thread 0x00000000549ae800 nmethod 1807 0x0000000002e58ad0 code [0x0000000002e58c20, 0x0000000002e58d30]
Event: 3.780 Thread 0x00000000549ae800 1806       1       javafx.event.Event::getEventType (5 bytes)
Event: 3.781 Thread 0x00000000549ae800 nmethod 1806 0x0000000002e58d90 code [0x0000000002e58ee0, 0x0000000002e58ff0]

GC Heap History (10 events):
Event: 1.154 GC heap before
{Heap before GC invocations=1 (full 0):
 PSYoungGen      total 16896K, used 14848K [0x00000000ed580000, 0x00000000ee800000, 0x0000000100000000)
  eden space 14848K, 100% used [0x00000000ed580000,0x00000000ee400000,0x00000000ee400000)
  from space 2048K, 0% used [0x00000000ee600000,0x00000000ee600000,0x00000000ee800000)
  to   space 2048K, 0% used [0x00000000ee400000,0x00000000ee400000,0x00000000ee600000)
 ParOldGen       total 38400K, used 0K [0x00000000c8000000, 0x00000000ca580000, 0x00000000ed580000)
  object space 38400K, 0% used [0x00000000c8000000,0x00000000c8000000,0x00000000ca580000)
 Metaspace       used 10354K, capacity 10674K, committed 10880K, reserved 1058816K
  class space    used 1226K, capacity 1322K, committed 1408K, reserved 1048576K
Event: 1.164 GC heap after
Heap after GC invocations=1 (full 0):
 PSYoungGen      total 16896K, used 2032K [0x00000000ed580000, 0x00000000ee800000, 0x0000000100000000)
  eden space 14848K, 0% used [0x00000000ed580000,0x00000000ed580000,0x00000000ee400000)
  from space 2048K, 99% used [0x00000000ee400000,0x00000000ee5fc030,0x00000000ee600000)
  to   space 2048K, 0% used [0x00000000ee600000,0x00000000ee600000,0x00000000ee800000)
 ParOldGen       total 38400K, used 1180K [0x00000000c8000000, 0x00000000ca580000, 0x00000000ed580000)
  object space 38400K, 3% used [0x00000000c8000000,0x00000000c81271c0,0x00000000ca580000)
 Metaspace       used 10354K, capacity 10674K, committed 10880K, reserved 1058816K
  class space    used 1226K, capacity 1322K, committed 1408K, reserved 1048576K
}
Event: 1.973 GC heap before
{Heap before GC invocations=2 (full 0):
 PSYoungGen      total 16896K, used 16880K [0x00000000ed580000, 0x00000000ee800000, 0x0000000100000000)
  eden space 14848K, 100% used [0x00000000ed580000,0x00000000ee400000,0x00000000ee400000)
  from space 2048K, 99% used [0x00000000ee400000,0x00000000ee5fc030,0x00000000ee600000)
  to   space 2048K, 0% used [0x00000000ee600000,0x00000000ee600000,0x00000000ee800000)
 ParOldGen       total 38400K, used 1180K [0x00000000c8000000, 0x00000000ca580000, 0x00000000ed580000)
  object space 38400K, 3% used [0x00000000c8000000,0x00000000c81271c0,0x00000000ca580000)
 Metaspace       used 15885K, capacity 16572K, committed 16768K, reserved 1062912K
  class space    used 2176K, capacity 2350K, committed 2432K, reserved 1048576K
Event: 1.983 GC heap after
Heap after GC invocations=2 (full 0):
 PSYoungGen      total 16896K, used 2016K [0x00000000ed580000, 0x00000000ef680000, 0x0000000100000000)
  eden space 14848K, 0% used [0x00000000ed580000,0x00000000ed580000,0x00000000ee400000)
  from space 2048K, 98% used [0x00000000ee600000,0x00000000ee7f8040,0x00000000ee800000)
  to   space 2048K, 0% used [0x00000000ee400000,0x00000000ee400000,0x00000000ee600000)
 ParOldGen       total 38400K, used 3711K [0x00000000c8000000, 0x00000000ca580000, 0x00000000ed580000)
  object space 38400K, 9% used [0x00000000c8000000,0x00000000c839ff68,0x00000000ca580000)
 Metaspace       used 15885K, capacity 16572K, committed 16768K, reserved 1062912K
  class space    used 2176K, capacity 2350K, committed 2432K, reserved 1048576K
}
Event: 2.791 GC heap before
{Heap before GC invocations=3 (full 0):
 PSYoungGen      total 16896K, used 16864K [0x00000000ed580000, 0x00000000ef680000, 0x0000000100000000)
  eden space 14848K, 100% used [0x00000000ed580000,0x00000000ee400000,0x00000000ee400000)
  from space 2048K, 98% used [0x00000000ee600000,0x00000000ee7f8040,0x00000000ee800000)
  to   space 2048K, 0% used [0x00000000ee400000,0x00000000ee400000,0x00000000ee600000)
 ParOldGen       total 38400K, used 3711K [0x00000000c8000000, 0x00000000ca580000, 0x00000000ed580000)
  object space 38400K, 9% used [0x00000000c8000000,0x00000000c839ff68,0x00000000ca580000)
 Metaspace       used 20184K, capacity 21036K, committed 21296K, reserved 1067008K
  class space    used 2882K, capacity 3088K, committed 3200K, reserved 1048576K
Event: 2.807 GC heap after
Heap after GC invocations=3 (full 0):
 PSYoungGen      total 16896K, used 2016K [0x00000000ed580000, 0x00000000ef680000, 0x0000000100000000)
  eden space 14848K, 0% used [0x00000000ed580000,0x00000000ed580000,0x00000000ee400000)
  from space 2048K, 98% used [0x00000000ee400000,0x00000000ee5f8020,0x00000000ee600000)
  to   space 2048K, 0% used [0x00000000ef480000,0x00000000ef480000,0x00000000ef680000)
 ParOldGen       total 38400K, used 5575K [0x00000000c8000000, 0x00000000ca580000, 0x00000000ed580000)
  object space 38400K, 14% used [0x00000000c8000000,0x00000000c8571e78,0x00000000ca580000)
 Metaspace       used 20184K, capacity 21036K, committed 21296K, reserved 1067008K
  class space    used 2882K, capacity 3088K, committed 3200K, reserved 1048576K
}
Event: 2.838 GC heap before
{Heap before GC invocations=4 (full 0):
 PSYoungGen      total 16896K, used 2458K [0x00000000ed580000, 0x00000000ef680000, 0x0000000100000000)
  eden space 14848K, 2% used [0x00000000ed580000,0x00000000ed5ee920,0x00000000ee400000)
  from space 2048K, 98% used [0x00000000ee400000,0x00000000ee5f8020,0x00000000ee600000)
  to   space 2048K, 0% used [0x00000000ef480000,0x00000000ef480000,0x00000000ef680000)
 ParOldGen       total 38400K, used 5575K [0x00000000c8000000, 0x00000000ca580000, 0x00000000ed580000)
  object space 38400K, 14% used [0x00000000c8000000,0x00000000c8571e78,0x00000000ca580000)
 Metaspace       used 20330K, capacity 21170K, committed 21296K, reserved 1067008K
  class space    used 2901K, capacity 3091K, committed 3200K, reserved 1048576K
Event: 2.853 GC heap after
Heap after GC invocations=4 (full 0):
 PSYoungGen      total 31744K, used 2016K [0x00000000ed580000, 0x00000000ef680000, 0x0000000100000000)
  eden space 29696K, 0% used [0x00000000ed580000,0x00000000ed580000,0x00000000ef280000)
  from space 2048K, 98% used [0x00000000ef480000,0x00000000ef678020,0x00000000ef680000)
  to   space 2048K, 0% used [0x00000000ef280000,0x00000000ef280000,0x00000000ef480000)
 ParOldGen       total 38400K, used 5631K [0x00000000c8000000, 0x00000000ca580000, 0x00000000ed580000)
  object space 38400K, 14% used [0x00000000c8000000,0x00000000c857fe78,0x00000000ca580000)
 Metaspace       used 20330K, capacity 21170K, committed 21296K, reserved 1067008K
  class space    used 2901K, capacity 3091K, committed 3200K, reserved 1048576K
}
Event: 2.853 GC heap before
{Heap before GC invocations=5 (full 1):
 PSYoungGen      total 31744K, used 2016K [0x00000000ed580000, 0x00000000ef680000, 0x0000000100000000)
  eden space 29696K, 0% used [0x00000000ed580000,0x00000000ed580000,0x00000000ef280000)
  from space 2048K, 98% used [0x00000000ef480000,0x00000000ef678020,0x00000000ef680000)
  to   space 2048K, 0% used [0x00000000ef280000,0x00000000ef280000,0x00000000ef480000)
 ParOldGen       total 38400K, used 5631K [0x00000000c8000000, 0x00000000ca580000, 0x00000000ed580000)
  object space 38400K, 14% used [0x00000000c8000000,0x00000000c857fe78,0x00000000ca580000)
 Metaspace       used 20330K, capacity 21170K, committed 21296K, reserved 1067008K
  class space    used 2901K, capacity 3091K, committed 3200K, reserved 1048576K
Event: 2.929 GC heap after
Heap after GC invocations=5 (full 1):
 PSYoungGen      total 31744K, used 0K [0x00000000ed580000, 0x00000000ef680000, 0x0000000100000000)
  eden space 29696K, 0% used [0x00000000ed580000,0x00000000ed580000,0x00000000ef280000)
  from space 2048K, 0% used [0x00000000ef480000,0x00000000ef480000,0x00000000ef680000)
  to   space 2048K, 0% used [0x00000000ef280000,0x00000000ef280000,0x00000000ef480000)
 ParOldGen       total 28672K, used 7271K [0x00000000c8000000, 0x00000000c9c00000, 0x00000000ed580000)
  object space 28672K, 25% used [0x00000000c8000000,0x00000000c8719f88,0x00000000c9c00000)
 Metaspace       used 20330K, capacity 21170K, committed 21296K, reserved 1067008K
  class space    used 2901K, capacity 3091K, committed 3200K, reserved 1048576K
}

Deoptimization events (10 events):
Event: 1.699 Thread 0x0000000056954000 Uncommon trap: reason=class_check action=maybe_recompile pc=0x0000000002b90dd0 method=java.io.DataInputStream.readShort()S @ 4
Event: 1.699 Thread 0x0000000056954000 Uncommon trap: reason=class_check action=maybe_recompile pc=0x0000000002b90dd0 method=java.io.DataInputStream.readShort()S @ 4
Event: 1.699 Thread 0x0000000056954000 Uncommon trap: reason=class_check action=maybe_recompile pc=0x0000000002b90dd0 method=java.io.DataInputStream.readShort()S @ 4
Event: 1.699 Thread 0x0000000056954000 Uncommon trap: reason=class_check action=maybe_recompile pc=0x0000000002b90dd0 method=java.io.DataInputStream.readShort()S @ 4
Event: 1.710 Thread 0x0000000056954000 Uncommon trap: reason=class_check action=maybe_recompile pc=0x0000000002a2fe18 method=java.lang.String.equals(Ljava/lang/Object;)Z @ 8
Event: 1.710 Thread 0x0000000056954000 Uncommon trap: reason=class_check action=maybe_recompile pc=0x0000000002a2fe18 method=java.lang.String.equals(Ljava/lang/Object;)Z @ 8
Event: 1.710 Thread 0x0000000056954000 Uncommon trap: reason=class_check action=maybe_recompile pc=0x0000000002a2fe18 method=java.lang.String.equals(Ljava/lang/Object;)Z @ 8
Event: 1.714 Thread 0x0000000056954000 Uncommon trap: reason=class_check action=maybe_recompile pc=0x0000000002a2fe18 method=java.lang.String.equals(Ljava/lang/Object;)Z @ 8
Event: 1.925 Thread 0x0000000056954000 Uncommon trap: reason=unstable_if action=reinterpret pc=0x0000000002c9139c method=java.lang.CharacterData.of(I)Ljava/lang/CharacterData; @ 4
Event: 2.484 Thread 0x0000000056954000 Uncommon trap: reason=unstable_if action=reinterpret pc=0x0000000002ccd8d8 method=java.lang.String.regionMatches(ZILjava/lang/String;II)Z @ 123

Internal exceptions (10 events):
Event: 1.387 Thread 0x0000000056954000 Exception <a 'java/lang/ArrayIndexOutOfBoundsException'> (0x00000000eda6db68) thrown at [C:\re\workspace\8-2-build-windows-amd64-cygwin\jdk8u102\7268\hotspot\src\share\vm\runtime\sharedRuntime.cpp, line 605]
Event: 1.396 Thread 0x0000000056954000 Exception <a 'java/lang/ArrayIndexOutOfBoundsException'> (0x00000000eda79008) thrown at [C:\re\workspace\8-2-build-windows-amd64-cygwin\jdk8u102\7268\hotspot\src\share\vm\runtime\sharedRuntime.cpp, line 605]
Event: 1.476 Thread 0x0000000056954000 Exception <a 'java/io/FileNotFoundException'> (0x00000000edc90508) thrown at [C:\re\workspace\8-2-build-windows-amd64-cygwin\jdk8u102\7268\hotspot\src\share\vm\prims\jni.cpp, line 709]
Event: 2.163 Thread 0x0000000056cbc000 Exception <a 'java/io/FileNotFoundException'> (0x00000000ed8d9098) thrown at [C:\re\workspace\8-2-build-windows-amd64-cygwin\jdk8u102\7268\hotspot\src\share\vm\prims\jni.cpp, line 709]
Event: 2.188 Thread 0x0000000056954000 Exception <a 'java/io/FileNotFoundException'> (0x00000000ed9350d0) thrown at [C:\re\workspace\8-2-build-windows-amd64-cygwin\jdk8u102\7268\hotspot\src\share\vm\prims\jni.cpp, line 709]
Event: 2.384 Thread 0x0000000056954000 Exception <a 'java/lang/ArrayIndexOutOfBoundsException'> (0x00000000edbdb838) thrown at [C:\re\workspace\8-2-build-windows-amd64-cygwin\jdk8u102\7268\hotspot\src\share\vm\runtime\sharedRuntime.cpp, line 605]
Event: 2.412 Thread 0x0000000056954000 Exception <a 'java/lang/ArrayIndexOutOfBoundsException'> (0x00000000edd56b60) thrown at [C:\re\workspace\8-2-build-windows-amd64-cygwin\jdk8u102\7268\hotspot\src\share\vm\runtime\sharedRuntime.cpp, line 605]
Event: 2.420 Thread 0x0000000056954000 Exception <a 'java/lang/ArrayIndexOutOfBoundsException'> (0x00000000eddcea90) thrown at [C:\re\workspace\8-2-build-windows-amd64-cygwin\jdk8u102\7268\hotspot\src\share\vm\runtime\sharedRuntime.cpp, line 605]
Event: 3.784 Thread 0x0000000056cbc000 JVM_StopThread thread JavaThread 0x0000000056954000 as oop 0x00000000c8562a00 [exception 0x000000005d31f1c0]
Event: 3.800 Thread 0x0000000056954000 Exception <a 'java/lang/NoSuchMethodError': getInstance> (0x00000000ed9b3f78) thrown at [C:\re\workspace\8-2-build-windows-amd64-cygwin\jdk8u102\7268\hotspot\src\share\vm\prims\jni.cpp, line 1581]

Events (10 events):
Event: 3.801 loading class com/sun/glass/ui/win/WinSystemClipboard
Event: 3.801 loading class com/sun/glass/ui/win/WinSystemClipboard done
Event: 3.802 loading class com/sun/glass/ui/SystemClipboard
Event: 3.802 loading class com/sun/glass/ui/SystemClipboard done
Event: 3.802 loading class com/sun/glass/ui/Clipboard
Event: 3.802 loading class com/sun/glass/ui/Clipboard done
Event: 3.804 loading class java/io/UnsupportedEncodingException
Event: 3.804 loading class java/io/UnsupportedEncodingException done
Event: 3.805 loading class com/sun/glass/ui/win/WinClipboardDelegate
Event: 3.805 loading class com/sun/glass/ui/win/WinClipboardDelegate done


Dynamic libraries:
0x000000013f2b0000 - 0x000000013f2e7000 	C:\Program Files\Java\jdk1.8.0_102\bin\java.exe
0x0000000076d30000 - 0x0000000076ed9000 	C:\Windows\SYSTEM32\ntdll.dll
0x0000000076b10000 - 0x0000000076c2f000 	C:\Windows\system32\kernel32.dll
0x000007fefcfe0000 - 0x000007fefd04b000 	C:\Windows\system32\KERNELBASE.dll
0x000007fefe160000 - 0x000007fefe23b000 	C:\Windows\system32\ADVAPI32.dll
0x000007fefed40000 - 0x000007fefeddf000 	C:\Windows\system32\msvcrt.dll
0x000007fefe790000 - 0x000007fefe7af000 	C:\Windows\SYSTEM32\sechost.dll
0x000007fefe7b0000 - 0x000007fefe8dd000 	C:\Windows\system32\RPCRT4.dll
0x0000000076c30000 - 0x0000000076d2a000 	C:\Windows\system32\USER32.dll
0x000007fefe0d0000 - 0x000007fefe137000 	C:\Windows\system32\GDI32.dll
0x000007fefed30000 - 0x000007fefed3e000 	C:\Windows\system32\LPK.dll
0x000007fefe370000 - 0x000007fefe439000 	C:\Windows\system32\USP10.dll
0x000007fefb600000 - 0x000007fefb7f4000 	C:\Windows\WinSxS\amd64_microsoft.windows.common-controls_6595b64144ccf1df_6.0.7601.17514_none_fa396087175ac9ac\COMCTL32.dll
0x000007fefe8e0000 - 0x000007fefe951000 	C:\Windows\system32\SHLWAPI.dll
0x000007feff010000 - 0x000007feff03e000 	C:\Windows\system32\IMM32.DLL
0x000007fefdfc0000 - 0x000007fefe0c9000 	C:\Windows\system32\MSCTF.dll
0x0000000073c30000 - 0x0000000073d01000 	C:\Program Files\Java\jdk1.8.0_102\jre\bin\msvcr100.dll
0x00000000681e0000 - 0x0000000068a7a000 	C:\Program Files\Java\jdk1.8.0_102\jre\bin\server\jvm.dll
0x000007fef9320000 - 0x000007fef9329000 	C:\Windows\system32\WSOCK32.dll
0x000007fefe960000 - 0x000007fefe9ad000 	C:\Windows\system32\WS2_32.dll
0x000007fefede0000 - 0x000007fefede8000 	C:\Windows\system32\NSI.dll
0x000007fefa560000 - 0x000007fefa59b000 	C:\Windows\system32\WINMM.dll
0x000007fefbde0000 - 0x000007fefbdec000 	C:\Windows\system32\VERSION.dll
0x0000000076f00000 - 0x0000000076f07000 	C:\Windows\system32\PSAPI.DLL
0x00000000747d0000 - 0x00000000747df000 	C:\Program Files\Java\jdk1.8.0_102\jre\bin\verify.dll
0x00000000747a0000 - 0x00000000747c9000 	C:\Program Files\Java\jdk1.8.0_102\jre\bin\java.dll
0x00000000746f0000 - 0x0000000074706000 	C:\Program Files\Java\jdk1.8.0_102\jre\bin\zip.dll
0x000007fefd230000 - 0x000007fefdfb8000 	C:\Windows\system32\SHELL32.dll
0x000007fefe580000 - 0x000007fefe783000 	C:\Windows\system32\ole32.dll
0x000007fefcc80000 - 0x000007fefcc8f000 	C:\Windows\system32\profapi.dll
0x00000000746d0000 - 0x00000000746ea000 	C:\Program Files\Java\jdk1.8.0_102\jre\bin\net.dll
0x000007fefc4b0000 - 0x000007fefc505000 	C:\Windows\system32\mswsock.dll
0x000007fefc4a0000 - 0x000007fefc4a7000 	C:\Windows\System32\wship6.dll
0x000007fefa350000 - 0x000007fefa365000 	C:\Windows\system32\NLAapi.dll
0x000007fef8700000 - 0x000007fef8715000 	C:\Windows\system32\napinsp.dll
0x000007fef86e0000 - 0x000007fef86f9000 	C:\Windows\system32\pnrpnsp.dll
0x000007fefc330000 - 0x000007fefc38b000 	C:\Windows\system32\DNSAPI.dll
0x000007fef86d0000 - 0x000007fef86db000 	C:\Windows\System32\winrnr.dll
0x000007fefbeb0000 - 0x000007fefbeb7000 	C:\Windows\System32\wshtcpip.dll
0x000007fef93f0000 - 0x000007fef9417000 	C:\Windows\system32\IPHLPAPI.DLL
0x000007fef93e0000 - 0x000007fef93eb000 	C:\Windows\system32\WINNSI.DLL
0x000007fef86b0000 - 0x000007fef86b8000 	C:\Windows\system32\rasadhlp.dll
0x000007fef91f0000 - 0x000007fef9243000 	C:\Windows\System32\fwpuclnt.dll
0x000007fee5860000 - 0x000007fee594f000 	C:\Program Files\Java\jdk1.8.0_102\jre\bin\msvcr120.dll
0x000007fee5b60000 - 0x000007fee5c06000 	C:\Program Files\Java\jdk1.8.0_102\jre\bin\msvcp120.dll
0x00000000673a0000 - 0x00000000673c2000 	C:\Program Files\Java\jdk1.8.0_102\jre\bin\prism_d3d.dll
0x000007fee8aa0000 - 0x000007fee8c9f000 	C:\Windows\system32\d3d9.dll
0x000007fef1d00000 - 0x000007fef1d07000 	C:\Windows\system32\d3d8thk.dll
0x000007fefaff0000 - 0x000007fefb008000 	C:\Windows\system32\dwmapi.dll
0x000007fefb420000 - 0x000007fefb476000 	C:\Windows\system32\uxtheme.dll
0x000007fef5c00000 - 0x000007fef5d0e000 	C:\Windows\system32\aticfx64.dll
0x000007fef1b60000 - 0x000007fef1b6f000 	C:\Windows\system32\atiu9p64.dll
0x000007fee7c20000 - 0x000007fee834d000 	C:\Windows\system32\atiumd64.dll
0x0000000069320000 - 0x000000006973e000 	C:\Windows\system32\atiumd6a.dll
0x0000000067350000 - 0x0000000067393000 	C:\Program Files\Java\jdk1.8.0_102\jre\bin\glass.dll
0x000007fefedf0000 - 0x000007fefee87000 	C:\Windows\system32\COMDLG32.dll
0x000007fefe4a0000 - 0x000007fefe577000 	C:\Windows\system32\OLEAUT32.dll
0x000007fee6160000 - 0x000007fee61a8000 	C:\Program Files (x86)\TeamViewer\tv_x64.dll
0x000007fefcbb0000 - 0x000007fefcbbf000 	C:\Windows\system32\CRYPTBASE.dll
0x00000000673e0000 - 0x00000000673f4000 	C:\Program Files\Java\jdk1.8.0_102\jre\bin\javafx_font.dll
0x000007feee8e0000 - 0x000007feeea5e000 	C:\Windows\system32\dwrite.dll
0x000007fefe9b0000 - 0x000007fefea49000 	C:\Windows\system32\CLBCatQ.DLL
0x000007fefae50000 - 0x000007fefaf7a000 	C:\Windows\system32\WindowsCodecs.dll
0x000007fefcb50000 - 0x000007fefcba7000 	C:\Windows\system32\apphelp.dll
0x000007fef59a0000 - 0x000007fef5bdd000 	C:\PROGRA~1\MICROS~1\Office15\GROOVEEX.DLL
0x000000006a900000 - 0x000000006a998000 	C:\Windows\system32\MSVCP100.dll
0x000000006a8d0000 - 0x000000006a8fb000 	C:\Windows\system32\ATL100.DLL
0x000007fef5680000 - 0x000007fef5996000 	C:\Windows\system32\msi.dll
0x000007fef4000000 - 0x000007fef487f000 	C:\PROGRA~1\MICROS~1\Office15\1049\GrooveIntlResource.dll
0x000007fef5d30000 - 0x000007fef5d3f000 	C:\Windows\system32\AcSignIcon.dll
0x000000006a360000 - 0x000000006a8c3000 	C:\Windows\system32\mfc100u.dll
0x000007fefaa40000 - 0x000007fefaa47000 	C:\Windows\system32\MSIMG32.dll
0x000000006a350000 - 0x000000006a35f000 	C:\Windows\system32\MFC100RUS.DLL
0x000007fef5640000 - 0x000007fef5675000 	C:\Windows\system32\EhStorShell.dll
0x000007fefd050000 - 0x000007fefd227000 	C:\Windows\system32\SETUPAPI.dll
0x000007fefcd70000 - 0x000007fefcda6000 	C:\Windows\system32\CFGMGR32.dll
0x000007fefcfc0000 - 0x000007fefcfda000 	C:\Windows\system32\DEVOBJ.dll
0x000007fefb480000 - 0x000007fefb5ac000 	C:\Windows\system32\PROPSYS.dll
0x000007fef55c0000 - 0x000007fef563e000 	C:\Windows\System32\cscui.dll
0x000007fef55b0000 - 0x000007fef55bc000 	C:\Windows\System32\CSCDLL.dll
0x000007fef86a0000 - 0x000007fef86af000 	C:\Windows\system32\CSCAPI.dll
0x000007fef5530000 - 0x000007fef55b0000 	C:\Windows\system32\ntshrui.dll
0x000007fefc760000 - 0x000007fefc783000 	C:\Windows\system32\srvcli.dll
0x000007fefa150000 - 0x000007fefa15b000 	C:\Windows\system32\slc.dll
0x000007fefade0000 - 0x000007fefae0d000 	C:\Program Files\Common Files\Microsoft Shared\Ink\rtscom.dll
0x0000000073a90000 - 0x0000000073c28000 	C:\Program Files\Java\jdk1.8.0_102\jre\bin\awt.dll
0x0000000067330000 - 0x0000000067341000 	C:\Program Files\Java\jdk1.8.0_102\jre\bin\prism_common.dll
0x000007fee63c0000 - 0x000007fee64a2000 	C:\Windows\system32\d2d1.dll
0x000007fef6120000 - 0x000007fef6154000 	C:\Windows\system32\d3d10_1.dll
0x000007fef60c0000 - 0x000007fef6115000 	C:\Windows\system32\d3d10_1core.dll
0x000007fef6010000 - 0x000007fef60b7000 	C:\Windows\system32\dxgi.dll
0x000007fee5d70000 - 0x000007fee5f40000 	C:\Windows\system32\D3D10Warp.dll
0x000007fefcd30000 - 0x000007fefcd6a000 	C:\Windows\system32\WINTRUST.dll
0x000007fefcdb0000 - 0x000007fefcf17000 	C:\Windows\system32\CRYPT32.dll
0x000007fefcd20000 - 0x000007fefcd2f000 	C:\Windows\system32\MSASN1.dll
0x000007fef8780000 - 0x000007fef88a5000 	C:\Windows\system32\dbghelp.dll

VM Arguments:
jvm_args: -ea 
java_command: org.apache.tools.ant.taskdefs.optional.junit.JUnitTestRunner org.itstep.mariupol.adce440datafilesgraph.UITest skipNonTests=false filtertrace=true haltOnError=false haltOnFailure=false showoutput=true outputtoformatters=true logfailedtests=true threadid=0 logtestlistenerevents=true formatter=org.apache.tools.ant.taskdefs.optional.junit.BriefJUnitResultFormatter formatter=org.apache.tools.ant.taskdefs.optional.junit.XMLJUnitResultFormatter,D:\tyaa\XP\Proj\AdcE440DataFilesGraph_4\build\test\results\TEST-org.itstep.mariupol.adce440datafilesgraph.UITest.xml crashfile=D:\tyaa\XP\Proj\AdcE440DataFilesGraph_4\build\junitvmwatcher8683813074484837532.properties propsfile=D:\tyaa\XP\Proj\AdcE440DataFilesGraph_4\build\junit5546517391007676161.properties
java_class_path (initial): C:\Program Files\Java\jdk1.8.0_102\jre\lib\javaws.jar;C:\Program Files\Java\jdk1.8.0_102\jre\lib\deploy.jar;C:\Program Files\Java\jdk1.8.0_102\jre\lib\plugin.jar;D:\tyaa\XP\Proj\AdcE440DataFilesGraph_4\lib\guava-19.0.jar;D:\tyaa\XP\Proj\AdcE440DataFilesGraph_4\lib\hamcrest-all-1.3.jar;D:\tyaa\XP\Proj\AdcE440DataFilesGraph_4\lib\junit-4.12.jar;D:\tyaa\XP\Proj\AdcE440DataFilesGraph_4\lib\testFx-3.1.2.jar;D:\tyaa\XP\Proj\AdcE440DataFilesGraph_4\build\classes;D:\tyaa\XP\Proj\AdcE440DataFilesGraph_4\build\test\classes;C:\Program Files\NetBeans 8.2\extide\ant\lib\ant-launcher.jar;C:\Program Files\NetBeans 8.2\extide\ant\lib\ant.jar;C:\Program Files\NetBeans 8.2\extide\ant\lib\ant-junit.jar;C:\Program Files\NetBeans 8.2\extide\ant\lib\ant-junit4.jar
Launcher Type: SUN_STANDARD

Environment Variables:
JAVA_HOME=C:\Program Files\Java\jdk1.8.0_102\bin
PATH=C:\oraclexe\app\oracle\product\11.2.0\server\bin;;C:\Program Files (x86)\AMD APP\bin\x86_64;C:\Program Files (x86)\AMD APP\bin\x86;C:\ProgramData\Oracle\Java\javapath;C:\Windows\system32;C:\Windows;C:\Windows\System32\Wbem;C:\Windows\System32\WindowsPowerShell\v1.0\;C:\Program Files (x86)\Skype\Phone\;C:\Program Files\Common Files\Autodesk Shared\;C:\Program Files (x86)\Autodesk\Backburner\;C:\Program Files\Microsoft\Web Platform Installer\;C:\Program Files (x86)\Microsoft ASP.NET\ASP.NET Web Pages\v1.0\;C:\Program Files (x86)\Windows Kits\8.0\Windows Performance Toolkit\;C:\Program Files\Microsoft SQL Server\110\Tools\Binn\;C:\Program Files (x86)\Microsoft SQL Server\100\Tools\Binn\VSShell\Common7\IDE\;C:\Program Files (x86)\Microsoft SQL Server\100\Tools\Binn\;C:\Program Files\Microsoft SQL Server\100\Tools\Binn\;C:\Program Files (x86)\Microsoft SQL Server\100\DTS\Binn\;C:\Program Files (x86)\IVI Foundation\VISA\WinNT\Bin;C:\Program Files (x86)\AMD\ATI.ACE\Core-Static;C:\Program Files\Git\cmd;C:\Program Files\dotnet\;C:\Program Files\Microsoft SQL Server\130\Tools\Binn\
USERNAME=student
OS=Windows_NT
PROCESSOR_IDENTIFIER=AMD64 Family 16 Model 6 Stepping 3, AuthenticAMD



---------------  S Y S T E M  ---------------

OS: Windows 7 , 64 bit Build 7601 (6.1.7601.18015)

CPU:total 2 (2 cores per cpu, 1 threads per core) family 16 model 6 stepping 3, cmov, cx8, fxsr, mmx, sse, sse2, sse3, popcnt, mmxext, 3dnowpref, lzcnt, sse4a, tsc, tscinvbit, tscinv

Memory: 4k page, physical 3667512k(802796k free), swap 7333160k(2940516k free)

vm_info: Java HotSpot(TM) 64-Bit Server VM (25.102-b14) for windows-amd64 JRE (1.8.0_102-b14), built on Jun 22 2016 13:15:21 by "java_re" with MS VC++ 10.0 (VS2010)

time: Wed Apr 19 19:16:07 2017
elapsed time: 3 seconds (0d 0h 0m 3s)

